[0.051s] DEBUG:colcon:Command line arguments: ['/usr/bin/colcon', 'build']
[0.051s] DEBUG:colcon:Parsed command line arguments: Namespace(log_base=None, log_level=None, verb_name='build', build_base='build', install_base='install', merge_install=False, symlink_install=False, test_result_base=None, continue_on_error=False, executor='parallel', parallel_workers=22, event_handlers=None, ignore_user_meta=False, metas=['./colcon.meta'], base_paths=['.'], packages_ignore=None, packages_ignore_regex=None, paths=None, packages_up_to=None, packages_up_to_regex=None, packages_above=None, packages_above_and_dependencies=None, packages_above_depth=None, packages_select_by_dep=None, packages_skip_by_dep=None, packages_skip_up_to=None, packages_select_build_failed=False, packages_skip_build_finished=False, packages_select_test_failures=False, packages_skip_test_passed=False, packages_select=None, packages_skip=None, packages_select_regex=None, packages_skip_regex=None, packages_start=None, packages_end=None, allow_overriding=[], cmake_args=None, cmake_target=None, cmake_target_skip_unavailable=False, cmake_clean_cache=False, cmake_clean_first=False, cmake_force_configure=False, ament_cmake_args=None, catkin_cmake_args=None, catkin_skip_building_tests=False, verb_parser=<colcon_defaults.argument_parser.defaults.DefaultArgumentsDecorator object at 0x787eda42f670>, verb_extension=<colcon_core.verb.build.BuildVerb object at 0x787eda5194e0>, main=<bound method BuildVerb.main of <colcon_core.verb.build.BuildVerb object at 0x787eda5194e0>>)
[0.125s] Level 1:colcon.colcon_core.package_discovery:discover_packages(colcon_meta) check parameters
[0.125s] Level 1:colcon.colcon_core.package_discovery:discover_packages(recursive) check parameters
[0.125s] Level 1:colcon.colcon_core.package_discovery:discover_packages(ignore) check parameters
[0.125s] Level 1:colcon.colcon_core.package_discovery:discover_packages(path) check parameters
[0.125s] Level 1:colcon.colcon_core.package_discovery:discover_packages(colcon_meta) discover
[0.125s] Level 1:colcon.colcon_core.package_discovery:discover_packages(recursive) discover
[0.125s] INFO:colcon.colcon_core.package_discovery:Crawling recursively for packages in '/home/robot/ros2_ws/src/openarm_description'
[0.125s] Level 1:colcon.colcon_core.package_identification:_identify(.) by extensions ['ignore', 'ignore_ament_install']
[0.125s] Level 1:colcon.colcon_core.package_identification:_identify(.) by extension 'ignore'
[0.125s] Level 1:colcon.colcon_core.package_identification:_identify(.) by extension 'ignore_ament_install'
[0.125s] Level 1:colcon.colcon_core.package_identification:_identify(.) by extensions ['colcon_pkg']
[0.125s] Level 1:colcon.colcon_core.package_identification:_identify(.) by extension 'colcon_pkg'
[0.125s] Level 1:colcon.colcon_core.package_identification:_identify(.) by extensions ['colcon_meta']
[0.125s] Level 1:colcon.colcon_core.package_identification:_identify(.) by extension 'colcon_meta'
[0.125s] Level 1:colcon.colcon_core.package_identification:_identify(.) by extensions ['ros']
[0.125s] Level 1:colcon.colcon_core.package_identification:_identify(.) by extension 'ros'
[0.133s] DEBUG:colcon.colcon_core.package_identification:Package '.' with type 'ros.ament_cmake' and name 'openarm_description'
[0.133s] Level 1:colcon.colcon_core.package_discovery:discover_packages(recursive) using defaults
[0.133s] Level 1:colcon.colcon_core.package_discovery:discover_packages(ignore) discover
[0.133s] Level 1:colcon.colcon_core.package_discovery:discover_packages(ignore) using defaults
[0.133s] Level 1:colcon.colcon_core.package_discovery:discover_packages(path) discover
[0.133s] Level 1:colcon.colcon_core.package_discovery:discover_packages(path) using defaults
[0.143s] Level 1:colcon.colcon_core.package_discovery:discover_packages(prefix_path) check parameters
[0.143s] Level 1:colcon.colcon_core.package_discovery:discover_packages(prefix_path) discover
[0.144s] DEBUG:colcon.colcon_installed_package_information.package_discovery:Found 313 installed packages in /opt/ros/humble
[0.150s] Level 1:colcon.colcon_core.package_discovery:discover_packages(prefix_path) using defaults
[0.169s] Level 5:colcon.colcon_core.verb:set package 'openarm_description' build argument 'cmake_args' from command line to 'None'
[0.169s] Level 5:colcon.colcon_core.verb:set package 'openarm_description' build argument 'cmake_target' from command line to 'None'
[0.169s] Level 5:colcon.colcon_core.verb:set package 'openarm_description' build argument 'cmake_target_skip_unavailable' from command line to 'False'
[0.169s] Level 5:colcon.colcon_core.verb:set package 'openarm_description' build argument 'cmake_clean_cache' from command line to 'False'
[0.169s] Level 5:colcon.colcon_core.verb:set package 'openarm_description' build argument 'cmake_clean_first' from command line to 'False'
[0.169s] Level 5:colcon.colcon_core.verb:set package 'openarm_description' build argument 'cmake_force_configure' from command line to 'False'
[0.169s] Level 5:colcon.colcon_core.verb:set package 'openarm_description' build argument 'ament_cmake_args' from command line to 'None'
[0.169s] Level 5:colcon.colcon_core.verb:set package 'openarm_description' build argument 'catkin_cmake_args' from command line to 'None'
[0.169s] Level 5:colcon.colcon_core.verb:set package 'openarm_description' build argument 'catkin_skip_building_tests' from command line to 'False'
[0.169s] DEBUG:colcon.colcon_core.verb:Building package 'openarm_description' with the following arguments: {'ament_cmake_args': None, 'build_base': '/home/robot/ros2_ws/src/openarm_description/build/openarm_description', 'catkin_cmake_args': None, 'catkin_skip_building_tests': False, 'cmake_args': None, 'cmake_clean_cache': False, 'cmake_clean_first': False, 'cmake_force_configure': False, 'cmake_target': None, 'cmake_target_skip_unavailable': False, 'install_base': '/home/robot/ros2_ws/src/openarm_description/install/openarm_description', 'merge_install': False, 'path': '/home/robot/ros2_ws/src/openarm_description', 'symlink_install': False, 'test_result_base': None}
[0.169s] INFO:colcon.colcon_core.executor:Executing jobs using 'parallel' executor
[0.170s] DEBUG:colcon.colcon_parallel_executor.executor.parallel:run_until_complete
[0.170s] INFO:colcon.colcon_ros.task.ament_cmake.build:Building ROS package in '/home/robot/ros2_ws/src/openarm_description' with build type 'ament_cmake'
[0.170s] INFO:colcon.colcon_cmake.task.cmake.build:Building CMake package in '/home/robot/ros2_ws/src/openarm_description'
[0.171s] INFO:colcon.colcon_core.plugin_system:Skipping extension 'colcon_core.shell.bat': Not used on non-Windows systems
[0.171s] INFO:colcon.colcon_core.shell:Skip shell extension 'powershell' for command environment: Not usable outside of PowerShell
[0.171s] DEBUG:colcon.colcon_core.shell:Skip shell extension 'dsv' for command environment
[0.177s] DEBUG:colcon.colcon_core.event_handler.log_command:Invoking command in '/home/robot/ros2_ws/src/openarm_description/build/openarm_description': CMAKE_PREFIX_PATH=/opt/ros/humble /usr/bin/cmake /home/robot/ros2_ws/src/openarm_description -DCMAKE_INSTALL_PREFIX=/home/robot/ros2_ws/src/openarm_description/install/openarm_description
[0.697s] DEBUG:colcon.colcon_core.event_handler.log_command:Invoked command in '/home/robot/ros2_ws/src/openarm_description/build/openarm_description' returned '0': CMAKE_PREFIX_PATH=/opt/ros/humble /usr/bin/cmake /home/robot/ros2_ws/src/openarm_description -DCMAKE_INSTALL_PREFIX=/home/robot/ros2_ws/src/openarm_description/install/openarm_description
[0.698s] DEBUG:colcon.colcon_core.event_handler.log_command:Invoking command in '/home/robot/ros2_ws/src/openarm_description/build/openarm_description': CMAKE_PREFIX_PATH=/opt/ros/humble /usr/bin/cmake --build /home/robot/ros2_ws/src/openarm_description/build/openarm_description -- -j22 -l22
[0.737s] DEBUG:colcon.colcon_core.event_handler.log_command:Invoked command in '/home/robot/ros2_ws/src/openarm_description/build/openarm_description' returned '0': CMAKE_PREFIX_PATH=/opt/ros/humble /usr/bin/cmake --build /home/robot/ros2_ws/src/openarm_description/build/openarm_description -- -j22 -l22
[0.748s] DEBUG:colcon.colcon_core.event_handler.log_command:Invoking command in '/home/robot/ros2_ws/src/openarm_description/build/openarm_description': CMAKE_PREFIX_PATH=/opt/ros/humble /usr/bin/cmake --install /home/robot/ros2_ws/src/openarm_description/build/openarm_description
[0.817s] Level 1:colcon.colcon_core.environment:create_environment_scripts_only(openarm_description)
[0.817s] DEBUG:colcon.colcon_core.event_handler.log_command:Invoked command in '/home/robot/ros2_ws/src/openarm_description/build/openarm_description' returned '0': CMAKE_PREFIX_PATH=/opt/ros/humble /usr/bin/cmake --install /home/robot/ros2_ws/src/openarm_description/build/openarm_description
[0.819s] Level 1:colcon.colcon_core.environment:checking '/home/robot/ros2_ws/src/openarm_description/install/openarm_description' for CMake module files
[0.820s] Level 1:colcon.colcon_core.environment:checking '/home/robot/ros2_ws/src/openarm_description/install/openarm_description' for CMake config files
[0.820s] Level 1:colcon.colcon_core.shell:create_environment_hook('openarm_description', 'cmake_prefix_path')
[0.820s] INFO:colcon.colcon_core.shell:Creating environment hook '/home/robot/ros2_ws/src/openarm_description/install/openarm_description/share/openarm_description/hook/cmake_prefix_path.ps1'
[0.821s] INFO:colcon.colcon_core.shell:Creating environment descriptor '/home/robot/ros2_ws/src/openarm_description/install/openarm_description/share/openarm_description/hook/cmake_prefix_path.dsv'
[0.822s] INFO:colcon.colcon_core.shell:Creating environment hook '/home/robot/ros2_ws/src/openarm_description/install/openarm_description/share/openarm_description/hook/cmake_prefix_path.sh'
[0.823s] Level 1:colcon.colcon_core.environment:checking '/home/robot/ros2_ws/src/openarm_description/install/openarm_description/bin'
[0.823s] Level 1:colcon.colcon_core.environment:checking '/home/robot/ros2_ws/src/openarm_description/install/openarm_description/lib/pkgconfig/openarm_description.pc'
[0.823s] Level 1:colcon.colcon_core.environment:checking '/home/robot/ros2_ws/src/openarm_description/install/openarm_description/lib/python3.10/site-packages'
[0.823s] Level 1:colcon.colcon_core.environment:checking '/home/robot/ros2_ws/src/openarm_description/install/openarm_description/bin'
[0.824s] INFO:colcon.colcon_core.shell:Creating package script '/home/robot/ros2_ws/src/openarm_description/install/openarm_description/share/openarm_description/package.ps1'
[0.825s] INFO:colcon.colcon_core.shell:Creating package descriptor '/home/robot/ros2_ws/src/openarm_description/install/openarm_description/share/openarm_description/package.dsv'
[0.825s] INFO:colcon.colcon_core.shell:Creating package script '/home/robot/ros2_ws/src/openarm_description/install/openarm_description/share/openarm_description/package.sh'
[0.826s] INFO:colcon.colcon_core.shell:Creating package script '/home/robot/ros2_ws/src/openarm_description/install/openarm_description/share/openarm_description/package.bash'
[0.827s] INFO:colcon.colcon_core.shell:Creating package script '/home/robot/ros2_ws/src/openarm_description/install/openarm_description/share/openarm_description/package.zsh'
[0.827s] Level 1:colcon.colcon_core.environment:create_file_with_runtime_dependencies(/home/robot/ros2_ws/src/openarm_description/install/openarm_description/share/colcon-core/packages/openarm_description)
[0.828s] Level 1:colcon.colcon_core.environment:create_environment_scripts_only(openarm_description)
[0.828s] Level 1:colcon.colcon_core.environment:checking '/home/robot/ros2_ws/src/openarm_description/install/openarm_description' for CMake module files
[0.829s] Level 1:colcon.colcon_core.environment:checking '/home/robot/ros2_ws/src/openarm_description/install/openarm_description' for CMake config files
[0.829s] Level 1:colcon.colcon_core.shell:create_environment_hook('openarm_description', 'cmake_prefix_path')
[0.829s] INFO:colcon.colcon_core.shell:Creating environment hook '/home/robot/ros2_ws/src/openarm_description/install/openarm_description/share/openarm_description/hook/cmake_prefix_path.ps1'
[0.830s] INFO:colcon.colcon_core.shell:Creating environment descriptor '/home/robot/ros2_ws/src/openarm_description/install/openarm_description/share/openarm_description/hook/cmake_prefix_path.dsv'
[0.830s] INFO:colcon.colcon_core.shell:Creating environment hook '/home/robot/ros2_ws/src/openarm_description/install/openarm_description/share/openarm_description/hook/cmake_prefix_path.sh'
[0.831s] Level 1:colcon.colcon_core.environment:checking '/home/robot/ros2_ws/src/openarm_description/install/openarm_description/bin'
[0.831s] Level 1:colcon.colcon_core.environment:checking '/home/robot/ros2_ws/src/openarm_description/install/openarm_description/lib/pkgconfig/openarm_description.pc'
[0.831s] Level 1:colcon.colcon_core.environment:checking '/home/robot/ros2_ws/src/openarm_description/install/openarm_description/lib/python3.10/site-packages'
[0.831s] Level 1:colcon.colcon_core.environment:checking '/home/robot/ros2_ws/src/openarm_description/install/openarm_description/bin'
[0.832s] INFO:colcon.colcon_core.shell:Creating package script '/home/robot/ros2_ws/src/openarm_description/install/openarm_description/share/openarm_description/package.ps1'
[0.832s] INFO:colcon.colcon_core.shell:Creating package descriptor '/home/robot/ros2_ws/src/openarm_description/install/openarm_description/share/openarm_description/package.dsv'
[0.833s] INFO:colcon.colcon_core.shell:Creating package script '/home/robot/ros2_ws/src/openarm_description/install/openarm_description/share/openarm_description/package.sh'
[0.833s] INFO:colcon.colcon_core.shell:Creating package script '/home/robot/ros2_ws/src/openarm_description/install/openarm_description/share/openarm_description/package.bash'
[0.834s] INFO:colcon.colcon_core.shell:Creating package script '/home/robot/ros2_ws/src/openarm_description/install/openarm_description/share/openarm_description/package.zsh'
[0.834s] Level 1:colcon.colcon_core.environment:create_file_with_runtime_dependencies(/home/robot/ros2_ws/src/openarm_description/install/openarm_description/share/colcon-core/packages/openarm_description)
[0.834s] DEBUG:colcon.colcon_parallel_executor.executor.parallel:closing loop
[0.835s] DEBUG:colcon.colcon_parallel_executor.executor.parallel:loop closed
[0.835s] DEBUG:colcon.colcon_parallel_executor.executor.parallel:run_until_complete finished with '0'
[0.835s] DEBUG:colcon.colcon_core.event_reactor:joining thread
[0.838s] INFO:colcon.colcon_core.plugin_system:Skipping extension 'colcon_notification.desktop_notification.terminal_notifier': Not used on non-Darwin systems
[0.838s] INFO:colcon.colcon_core.plugin_system:Skipping extension 'colcon_notification.desktop_notification.win32': Not used on non-Windows systems
[0.838s] INFO:colcon.colcon_notification.desktop_notification:Sending desktop notification using 'notify2'
[0.854s] DEBUG:colcon.colcon_core.event_reactor:joined thread
[0.854s] INFO:colcon.colcon_core.shell:Creating prefix script '/home/robot/ros2_ws/src/openarm_description/install/local_setup.ps1'
[0.855s] INFO:colcon.colcon_core.shell:Creating prefix util module '/home/robot/ros2_ws/src/openarm_description/install/_local_setup_util_ps1.py'
[0.857s] INFO:colcon.colcon_core.shell:Creating prefix chain script '/home/robot/ros2_ws/src/openarm_description/install/setup.ps1'
[0.858s] INFO:colcon.colcon_core.shell:Creating prefix script '/home/robot/ros2_ws/src/openarm_description/install/local_setup.sh'
[0.859s] INFO:colcon.colcon_core.shell:Creating prefix util module '/home/robot/ros2_ws/src/openarm_description/install/_local_setup_util_sh.py'
[0.859s] INFO:colcon.colcon_core.shell:Creating prefix chain script '/home/robot/ros2_ws/src/openarm_description/install/setup.sh'
[0.860s] INFO:colcon.colcon_core.shell:Creating prefix script '/home/robot/ros2_ws/src/openarm_description/install/local_setup.bash'
[0.861s] INFO:colcon.colcon_core.shell:Creating prefix chain script '/home/robot/ros2_ws/src/openarm_description/install/setup.bash'
[0.862s] INFO:colcon.colcon_core.shell:Creating prefix script '/home/robot/ros2_ws/src/openarm_description/install/local_setup.zsh'
[0.862s] INFO:colcon.colcon_core.shell:Creating prefix chain script '/home/robot/ros2_ws/src/openarm_description/install/setup.zsh'
